SF:lib\common\exception.dart
DA:6,4
LF:1
LH:1
end_of_record
SF:lib\data\datasources\movie_local_data_source.dart
DA:19,1
DA:21,1
DA:24,2
DA:27,2
DA:31,1
DA:34,2
DA:37,2
DA:41,1
DA:43,2
DA:45,1
DA:51,1
DA:53,2
DA:55,3
DA:56,4
DA:57,1
LF:15
LH:15
end_of_record
SF:lib\test\dummy_objects.dart
DA:10,3
DA:13,1
DA:27,4
DA:29,12
DA:32,8
DA:44,3
DA:51,6
DA:58,3
DA:68,3
DA:71,1
DA:83,1
DA:85,4
DA:87,12
DA:95,4
DA:105,4
DA:108,4
DA:109,4
DA:113,3
DA:120,6
DA:128,3
LF:20
LH:20
end_of_record
SF:lib\common\failure.dart
DA:6,2
DA:8,2
DA:9,4
DA:13,4
DA:17,4
DA:21,4
LF:6
LH:6
end_of_record
SF:lib\data\datasources\db\database_helper.dart
DA:8,0
DA:12,0
DA:16,0
DA:17,0
DA:23,0
DA:24,0
DA:25,0
DA:27,0
DA:31,0
DA:32,0
DA:43,0
DA:44,0
DA:45,0
DA:48,0
DA:49,0
DA:50,0
DA:53,0
DA:57,0
DA:58,0
DA:59,0
DA:62,0
DA:65,0
DA:66,0
DA:72,0
DA:73,0
DA:74,0
LF:26
LH:0
end_of_record
SF:lib\data\datasources\movie_remote_data_source.dart
DA:30,1
DA:32,1
DA:35,3
DA:37,2
DA:38,4
DA:40,1
DA:44,1
DA:47,4
DA:49,2
DA:50,3
DA:52,1
DA:56,1
DA:58,1
DA:59,3
DA:61,2
DA:62,4
DA:64,1
DA:68,1
DA:71,3
DA:73,2
DA:74,4
DA:76,1
DA:80,1
DA:83,3
DA:85,2
DA:86,4
DA:88,1
DA:92,1
DA:94,1
DA:95,3
DA:97,2
DA:98,4
DA:100,1
LF:33
LH:33
end_of_record
SF:lib\data\datasources\tv_series_local_data_source.dart
DA:19,1
DA:21,1
DA:23,2
DA:25,1
DA:31,1
DA:33,2
DA:35,3
DA:36,4
DA:37,1
DA:40,1
DA:43,2
DA:46,2
DA:50,1
DA:53,2
DA:56,2
LF:15
LH:15
end_of_record
SF:lib\data\datasources\tv_series_remote_data_source.dart
DA:31,1
DA:33,1
DA:36,3
DA:38,2
DA:39,4
DA:41,1
DA:45,1
DA:48,3
DA:50,2
DA:51,4
DA:53,1
DA:57,1
DA:59,4
DA:61,2
DA:62,3
DA:64,1
DA:68,1
DA:70,1
DA:71,3
DA:73,2
DA:74,4
DA:76,1
DA:80,1
DA:83,3
DA:85,2
DA:86,4
DA:88,1
DA:92,1
DA:94,1
DA:95,3
DA:97,2
DA:98,4
DA:100,3
DA:101,1
LF:34
LH:34
end_of_record
SF:lib\data\models\movie_detail_model.dart
DA:7,2
DA:53,1
DA:54,1
DA:55,1
DA:56,1
DA:57,1
DA:58,1
DA:59,4
DA:60,1
DA:61,1
DA:62,1
DA:63,1
DA:64,1
DA:65,1
DA:66,2
DA:67,1
DA:68,1
DA:69,1
DA:70,1
DA:71,1
DA:72,1
DA:73,1
DA:74,1
DA:75,2
DA:76,1
DA:79,0
DA:80,0
DA:81,0
DA:82,0
DA:83,0
DA:84,0
DA:85,0
DA:86,0
DA:87,0
DA:88,0
DA:89,0
DA:90,0
DA:91,0
DA:92,0
DA:93,0
DA:94,0
DA:95,0
DA:96,0
DA:97,0
DA:98,0
DA:99,0
DA:100,0
DA:103,1
DA:104,1
DA:105,1
DA:106,1
DA:107,5
DA:108,1
DA:109,1
DA:110,1
DA:111,1
DA:112,1
DA:113,1
DA:114,1
DA:115,1
DA:116,1
DA:120,1
DA:122,1
DA:123,1
DA:124,1
DA:125,1
DA:126,1
DA:127,1
DA:128,1
DA:129,1
DA:130,1
DA:131,1
DA:132,1
DA:133,1
DA:134,1
DA:135,1
DA:136,1
DA:137,1
DA:138,1
DA:139,1
DA:140,1
DA:141,1
DA:142,1
DA:143,1
LF:84
LH:62
end_of_record
SF:lib\data\models\movie_model.dart
DA:6,4
DA:36,4
DA:37,2
DA:38,2
DA:39,8
DA:40,2
DA:41,2
DA:42,2
DA:43,4
DA:44,2
DA:45,2
DA:46,2
DA:47,2
DA:48,4
DA:49,2
DA:52,2
DA:53,1
DA:54,1
DA:55,4
DA:56,1
DA:57,1
DA:58,1
DA:59,1
DA:60,1
DA:61,1
DA:62,1
DA:63,1
DA:64,1
DA:65,1
DA:68,2
DA:69,2
DA:70,2
DA:71,2
DA:72,2
DA:73,2
DA:74,2
DA:75,2
DA:76,2
DA:77,2
DA:78,2
DA:79,2
DA:80,2
DA:81,2
DA:82,2
DA:86,2
DA:87,2
DA:88,2
DA:89,2
DA:90,2
DA:91,2
DA:92,2
DA:93,2
DA:94,2
DA:95,2
DA:96,2
DA:97,2
DA:98,2
DA:99,2
DA:100,2
LF:59
LH:59
end_of_record
SF:lib\data\models\movie_table.dart
DA:16,2
DA:24,2
DA:25,1
DA:26,1
DA:27,1
DA:28,1
DA:31,2
DA:32,1
DA:33,1
DA:34,1
DA:35,1
DA:36,1
DA:38,0
DA:39,0
DA:40,0
DA:41,0
DA:42,0
DA:43,0
DA:44,0
DA:47,2
DA:48,1
DA:49,1
DA:50,1
DA:51,1
DA:54,2
DA:55,12
LF:26
LH:19
end_of_record
SF:lib\data\models\tv_series\tv_series_detail_response.dart
DA:34,2
DA:62,1
DA:63,1
DA:64,1
DA:65,1
DA:66,1
DA:67,1
DA:68,1
DA:69,1
DA:70,1
DA:71,1
DA:72,1
DA:73,1
DA:74,1
DA:75,1
DA:76,1
DA:77,1
DA:78,1
DA:79,1
DA:80,1
DA:81,1
DA:82,1
DA:83,1
DA:84,1
DA:85,1
DA:86,1
DA:87,1
DA:88,1
DA:91,1
DA:92,1
DA:93,1
DA:94,1
DA:95,1
DA:96,1
DA:97,1
DA:98,1
DA:99,1
DA:100,1
DA:101,1
DA:102,1
DA:103,2
DA:104,1
DA:105,1
DA:106,1
DA:107,3
DA:108,1
DA:109,1
DA:110,1
DA:111,2
DA:112,1
DA:113,1
DA:114,1
DA:115,1
DA:116,1
DA:119,0
DA:153,0
DA:154,0
DA:155,0
DA:156,0
DA:157,0
DA:158,0
DA:159,0
DA:160,0
DA:161,0
DA:162,0
DA:163,0
DA:164,0
DA:165,0
DA:166,0
DA:167,0
DA:168,0
DA:169,0
DA:170,0
DA:171,0
DA:172,0
DA:173,0
DA:174,0
DA:175,0
DA:176,0
DA:177,0
DA:178,0
DA:181,1
DA:182,1
DA:183,1
DA:184,1
DA:185,1
DA:186,0
DA:187,4
DA:188,1
DA:190,2
DA:191,1
DA:192,0
DA:193,1
DA:194,4
DA:195,1
DA:196,1
DA:197,1
DA:198,1
DA:199,0
DA:200,4
DA:201,1
DA:203,2
DA:204,1
DA:205,1
DA:206,1
DA:207,1
DA:208,0
DA:209,4
DA:210,1
DA:211,1
DA:212,1
DA:213,2
DA:214,1
DA:215,1
DA:216,0
DA:217,5
DA:218,1
DA:219,1
DA:220,1
DA:221,2
DA:222,1
DA:225,0
DA:226,0
DA:227,0
DA:228,0
DA:229,0
DA:230,0
DA:232,0
DA:233,0
DA:234,0
DA:235,0
DA:236,0
DA:237,0
DA:238,0
DA:239,0
DA:240,0
DA:241,0
DA:243,0
DA:244,0
DA:245,0
DA:246,0
DA:247,0
DA:248,0
DA:249,0
DA:250,0
DA:251,0
DA:252,0
DA:253,0
DA:254,0
DA:255,0
DA:256,0
DA:257,0
DA:258,0
DA:259,0
DA:260,0
DA:261,0
DA:262,0
DA:273,0
DA:281,0
DA:288,0
DA:289,0
DA:290,0
DA:291,0
DA:292,0
DA:293,0
DA:296,0
DA:297,0
DA:298,0
DA:299,0
DA:300,0
DA:301,0
DA:304,0
DA:305,0
DA:306,0
DA:307,0
DA:308,0
DA:309,0
DA:317,1
DA:322,0
DA:326,0
DA:327,0
DA:328,0
DA:331,2
DA:332,1
DA:333,1
DA:336,0
DA:337,0
DA:338,0
DA:341,0
DA:342,0
DA:345,1
DA:346,3
DA:363,0
DA:378,0
DA:392,0
DA:393,0
DA:394,0
DA:395,0
DA:396,0
DA:397,0
DA:398,0
DA:399,0
DA:400,0
DA:401,0
DA:402,0
DA:403,0
DA:404,0
DA:407,0
DA:408,0
DA:409,0
DA:410,0
DA:411,0
DA:412,0
DA:413,0
DA:415,0
DA:416,0
DA:417,0
DA:418,0
DA:419,0
DA:420,0
DA:421,0
DA:424,0
DA:425,0
DA:426,0
DA:427,0
DA:428,0
DA:429,0
DA:431,0
DA:432,0
DA:433,0
DA:434,0
DA:435,0
DA:436,0
DA:437,0
DA:447,0
DA:454,0
DA:460,0
DA:461,0
DA:462,0
DA:463,0
DA:464,0
DA:467,0
DA:468,0
DA:469,0
DA:470,0
DA:471,0
DA:474,0
DA:475,0
DA:476,0
DA:477,0
DA:478,0
DA:486,0
DA:491,0
DA:495,0
DA:496,0
DA:497,0
DA:500,0
DA:501,0
DA:502,0
DA:503,0
DA:506,0
DA:507,0
DA:508,0
DA:522,1
DA:533,0
DA:543,0
DA:544,0
DA:545,0
DA:546,0
DA:547,0
DA:548,0
DA:549,0
DA:550,0
DA:551,0
DA:554,2
DA:556,3
DA:557,1
DA:558,1
DA:559,1
DA:560,1
DA:561,1
DA:562,1
DA:563,2
DA:566,0
DA:568,0
DA:569,0
DA:570,0
DA:571,0
DA:572,0
DA:573,0
DA:574,0
DA:575,0
DA:578,1
DA:580,1
DA:581,1
DA:582,1
DA:583,1
DA:584,1
DA:585,1
DA:586,1
DA:587,1
DA:588,1
DA:597,0
DA:603,0
DA:608,0
DA:609,0
DA:610,0
DA:611,0
DA:614,0
DA:615,0
DA:616,0
DA:617,0
DA:620,0
DA:621,0
DA:622,0
DA:623,0
LF:316
LH:115
end_of_record
SF:lib\data\models\tv_series\tv_series_response.dart
DA:5,1
DA:12,2
DA:13,4
DA:14,2
DA:15,4
DA:16,6
DA:17,6
DA:20,4
DA:21,4
DA:29,0
DA:35,0
DA:36,0
DA:37,0
DA:38,0
DA:39,0
DA:42,1
DA:43,1
DA:44,2
DA:45,6
DA:46,2
DA:47,2
DA:51,1
DA:52,5
DA:56,4
DA:73,2
DA:74,2
DA:75,2
DA:76,2
DA:78,6
DA:79,2
DA:80,2
DA:81,4
DA:82,0
DA:83,2
DA:84,2
DA:85,2
DA:86,2
DA:87,2
DA:88,2
DA:89,2
DA:90,4
DA:91,2
DA:109,0
DA:125,0
DA:126,0
DA:127,0
DA:128,0
DA:129,0
DA:130,0
DA:131,0
DA:132,0
DA:133,0
DA:134,0
DA:135,0
DA:136,0
DA:137,0
DA:138,0
DA:139,0
DA:142,1
DA:143,1
DA:144,2
DA:145,2
DA:146,2
DA:147,2
DA:148,2
DA:149,2
DA:150,2
DA:151,2
DA:152,2
DA:153,2
DA:154,2
DA:155,2
DA:156,2
DA:157,2
DA:161,2
DA:162,2
DA:163,2
DA:164,2
DA:165,2
DA:166,2
DA:167,2
DA:168,2
DA:169,2
DA:170,2
DA:171,2
DA:172,2
DA:173,2
DA:174,2
DA:175,2
DA:176,2
DA:179,2
DA:181,2
DA:182,2
DA:183,2
DA:184,2
DA:185,2
DA:186,2
DA:187,2
DA:188,2
DA:189,2
DA:190,2
DA:191,2
DA:192,2
DA:193,2
DA:194,2
DA:195,2
LF:106
LH:83
end_of_record
SF:lib\data\models\tv_series\tv_series_table.dart
DA:15,2
DA:23,2
DA:24,1
DA:25,1
DA:26,1
DA:27,1
DA:30,2
DA:31,1
DA:32,1
DA:33,1
DA:34,1
DA:35,1
DA:37,0
DA:38,0
DA:39,0
DA:40,0
DA:41,0
DA:42,0
DA:43,0
DA:46,2
DA:47,1
DA:48,1
DA:49,1
DA:50,1
DA:53,2
DA:54,10
LF:26
LH:19
end_of_record
SF:lib\domain\entities\movie.dart
DA:4,3
DA:20,1
DA:41,2
DA:42,2
DA:43,2
DA:44,2
DA:45,2
DA:46,2
DA:47,2
DA:48,2
DA:49,2
DA:50,2
DA:51,2
DA:52,2
DA:53,2
DA:54,2
DA:55,2
LF:17
LH:17
end_of_record
SF:lib\domain\entities\movie_detail.dart
DA:6,4
DA:34,1
DA:35,1
DA:36,1
DA:37,1
DA:38,1
DA:39,1
DA:40,1
DA:41,1
DA:42,1
DA:43,1
DA:44,1
DA:45,1
DA:46,1
LF:14
LH:14
end_of_record
SF:lib\domain\entities\tv_series\tv_series.dart
DA:20,3
DA:37,0
DA:39,0
DA:40,0
DA:41,0
DA:42,0
DA:43,0
DA:44,0
DA:45,0
DA:46,0
DA:47,0
DA:48,0
DA:49,0
DA:50,0
DA:51,0
DA:52,0
DA:53,0
DA:57,0
DA:73,0
DA:74,0
DA:75,0
DA:76,0
DA:77,0
DA:78,0
DA:79,0
DA:80,0
DA:81,0
DA:82,0
DA:83,0
DA:84,0
DA:85,0
DA:86,0
DA:87,0
DA:91,1
DA:98,2
DA:99,2
DA:100,2
DA:101,2
DA:102,2
DA:103,2
DA:104,2
DA:105,2
DA:106,2
DA:107,2
DA:108,2
DA:109,2
DA:110,2
DA:111,2
DA:112,2
DA:113,2
LF:50
LH:18
end_of_record
SF:lib\domain\entities\tv_series\tv_series_detail.dart
DA:6,4
DA:59,0
DA:86,0
DA:87,0
DA:88,0
DA:89,0
DA:90,0
DA:91,0
DA:92,0
DA:93,0
DA:94,0
DA:95,0
DA:96,0
DA:97,0
DA:98,0
DA:99,0
DA:100,0
DA:101,0
DA:102,0
DA:103,0
DA:104,0
DA:105,0
DA:106,0
DA:107,0
DA:108,0
DA:109,0
DA:110,0
DA:113,1
DA:114,1
DA:115,1
DA:116,1
DA:117,1
DA:118,1
DA:119,1
DA:120,1
DA:121,1
DA:122,1
DA:123,1
DA:124,1
DA:125,1
DA:126,1
DA:127,1
DA:128,1
DA:129,1
DA:130,1
DA:131,1
DA:132,1
DA:133,1
DA:134,1
DA:135,1
DA:136,1
DA:137,1
DA:138,1
DA:139,1
LF:54
LH:28
end_of_record
SF:lib\data\models\movie_response.dart
DA:9,2
DA:11,4
DA:12,4
DA:13,6
DA:14,6
DA:17,2
DA:18,5
DA:21,1
DA:22,2
LF:9
LH:9
end_of_record
SF:lib\data\models\genre_model.dart
DA:6,2
DA:14,2
DA:15,1
DA:16,1
DA:19,0
DA:20,0
DA:21,0
DA:24,1
DA:25,3
DA:28,1
DA:29,3
LF:11
LH:8
end_of_record
SF:lib\domain\entities\genre.dart
DA:4,4
DA:12,1
DA:13,3
LF:3
LH:3
end_of_record
SF:lib\data\repositories\movie_repository_impl.dart
DA:18,1
DA:23,1
DA:26,2
DA:27,5
DA:28,1
DA:29,2
DA:30,1
DA:31,2
DA:35,1
DA:38,2
DA:39,2
DA:40,1
DA:41,2
DA:42,1
DA:43,2
DA:47,1
DA:50,2
DA:51,3
DA:52,1
DA:53,2
DA:54,1
DA:55,2
DA:59,1
DA:62,2
DA:63,5
DA:64,1
DA:65,2
DA:66,1
DA:67,2
DA:71,1
DA:74,2
DA:75,5
DA:76,1
DA:77,2
DA:78,1
DA:79,2
DA:83,1
DA:86,2
DA:87,5
DA:88,1
DA:89,2
DA:90,1
DA:91,2
DA:95,1
DA:99,3
DA:100,1
DA:101,1
DA:102,3
DA:108,1
DA:112,3
DA:113,1
DA:114,1
DA:115,3
DA:119,1
DA:121,2
DA:125,1
DA:127,2
DA:128,5
LF:58
LH:58
end_of_record
SF:lib\data\repositories\tv_series_repository_impl.dart
DA:17,1
DA:20,1
DA:23,2
DA:24,5
DA:25,1
DA:26,2
DA:27,1
DA:28,2
DA:32,1
DA:35,2
DA:36,5
DA:37,1
DA:38,2
DA:39,1
DA:40,2
DA:44,1
DA:47,2
DA:48,2
DA:49,1
DA:50,2
DA:51,1
DA:52,2
DA:56,1
DA:59,2
DA:60,3
DA:61,1
DA:62,2
DA:63,1
DA:64,2
DA:68,1
DA:71,2
DA:72,5
DA:73,1
DA:74,2
DA:75,1
DA:76,2
DA:80,1
DA:82,2
DA:83,5
DA:86,1
DA:88,2
DA:92,1
DA:96,3
DA:97,1
DA:98,1
DA:99,3
DA:103,1
DA:107,3
DA:108,1
DA:109,1
DA:110,3
DA:116,1
DA:119,2
DA:120,5
DA:121,1
DA:122,2
DA:123,1
DA:124,2
LF:58
LH:58
end_of_record
SF:lib\domain\usecases\get_movie_detail.dart
DA:9,1
DA:11,1
DA:12,2
LF:3
LH:3
end_of_record
SF:lib\domain\usecases\get_movie_recommendations.dart
DA:10,1
DA:12,1
DA:13,2
LF:3
LH:3
end_of_record
SF:lib\domain\usecases\get_now_playing_movies.dart
DA:8,1
DA:10,1
DA:11,2
LF:3
LH:3
end_of_record
SF:lib\domain\usecases\get_popular_movies.dart
DA:9,1
DA:11,1
DA:12,2
LF:3
LH:3
end_of_record
SF:lib\domain\usecases\get_top_rated_movies.dart
DA:10,1
DA:12,1
DA:13,2
LF:3
LH:3
end_of_record
SF:lib\domain\usecases\get_watchlist_movies.dart
DA:9,1
DA:11,1
DA:12,2
LF:3
LH:3
end_of_record
SF:lib\domain\usecases\get_watchlist_status.dart
DA:9,1
DA:11,1
DA:12,2
LF:3
LH:3
end_of_record
SF:lib\domain\usecases\remove_watchlist.dart
DA:10,1
DA:12,1
DA:13,2
LF:3
LH:3
end_of_record
SF:lib\domain\usecases\search_movies.dart
DA:10,1
DA:12,1
DA:13,2
LF:3
LH:3
end_of_record
SF:lib\domain\usecases\save_watchlist.dart
DA:10,1
DA:12,1
DA:13,2
LF:3
LH:3
end_of_record
SF:lib\domain\usecases\tv_series\get_now_playing_tv_series.dart
DA:9,1
DA:11,1
DA:12,2
LF:3
LH:3
end_of_record
SF:lib\domain\usecases\tv_series\get_popular_tv_series.dart
DA:10,1
DA:12,1
DA:13,2
LF:3
LH:3
end_of_record
SF:lib\domain\usecases\tv_series\get_top_rated_tv_series.dart
DA:10,1
DA:12,1
DA:13,2
LF:3
LH:3
end_of_record
SF:lib\domain\usecases\tv_series\get_tv_series_detail.dart
DA:10,1
DA:12,1
DA:13,2
LF:3
LH:3
end_of_record
SF:lib\domain\usecases\tv_series\remove_watchlist_tv_series.dart
DA:9,1
DA:11,1
DA:12,2
LF:3
LH:3
end_of_record
SF:lib\domain\usecases\tv_series\save_watchlist_tv_series.dart
DA:10,1
DA:12,1
DA:13,2
LF:3
LH:3
end_of_record
SF:lib\domain\usecases\tv_series\get_watchlist_tv_series_status.dart
DA:7,1
DA:9,1
DA:10,2
LF:3
LH:3
end_of_record
SF:lib\domain\usecases\tv_series\get_tv_series_recommendations.dart
DA:10,1
DA:12,1
DA:13,2
LF:3
LH:3
end_of_record
SF:lib\domain\usecases\tv_series\get_watchlist_tv_series.dart
DA:10,1
DA:12,1
DA:13,2
LF:3
LH:3
end_of_record
SF:lib\domain\usecases\tv_series\search_tv_series.dart
DA:10,1
DA:12,1
DA:13,2
LF:3
LH:3
end_of_record
