SF:lib\blocs\movie_detail\movie_detail_state.dart
DA:7,1
DA:8,1
DA:12,1
DA:13,1
DA:18,1
DA:20,1
DA:21,2
DA:27,2
DA:29,1
DA:30,2
LF:10
LH:10
end_of_record
SF:lib\blocs\movie_detail\movie_detail_cubit.dart
DA:12,1
DA:13,2
DA:15,1
DA:16,2
DA:18,2
DA:20,2
DA:21,3
DA:22,1
DA:23,2
LF:9
LH:9
end_of_record
SF:lib\blocs\now_playing_movies\now_playing_movies_state.dart
DA:4,1
DA:8,1
DA:9,1
DA:13,1
DA:14,1
DA:20,1
DA:22,1
DA:23,2
DA:29,1
DA:31,1
DA:32,2
LF:11
LH:11
end_of_record
SF:lib\blocs\now_playing_movies\now_playing_movies_cubit.dart
DA:11,1
DA:12,2
DA:14,1
DA:15,2
DA:17,4
DA:18,2
DA:19,3
DA:20,1
DA:21,2
LF:9
LH:9
end_of_record
SF:lib\blocs\popular_movies\popular_movies_state.dart
DA:4,2
DA:8,1
DA:9,1
DA:13,1
DA:14,1
DA:20,2
DA:22,1
DA:23,2
DA:29,2
DA:31,1
DA:32,2
LF:11
LH:11
end_of_record
SF:lib\blocs\popular_movies\popular_movies_cubit.dart
DA:11,3
DA:13,1
DA:14,2
DA:15,2
DA:16,2
DA:17,3
DA:18,1
DA:19,2
LF:8
LH:8
end_of_record
SF:lib\blocs\recommended_movies\recommended_movies_cubit.dart
DA:12,1
DA:13,2
DA:15,1
DA:16,2
DA:18,4
DA:19,2
DA:20,3
DA:21,1
DA:22,2
LF:9
LH:9
end_of_record
SF:lib\blocs\recommended_movies\recommended_movies_state.dart
DA:4,2
DA:8,1
DA:9,1
DA:13,1
DA:14,1
DA:20,1
DA:22,1
DA:23,2
DA:29,2
DA:31,1
DA:32,2
LF:11
LH:11
end_of_record
SF:lib\blocs\movie_watchlist\movie_watchlist_cubit.dart
DA:13,1
DA:15,2
DA:17,1
DA:18,2
DA:20,4
DA:21,2
DA:22,3
DA:23,1
DA:24,2
LF:9
LH:9
end_of_record
SF:lib\blocs\movie_watchlist\movie_watchlist_state.dart
DA:8,1
DA:9,1
DA:13,1
DA:14,1
DA:20,1
DA:22,1
DA:23,2
DA:29,1
DA:31,1
DA:32,2
LF:10
LH:10
end_of_record
SF:lib\blocs\search_movies\search_movies_state.dart
DA:4,1
DA:8,1
DA:9,1
DA:13,1
DA:14,1
DA:20,1
DA:22,1
DA:23,2
DA:29,1
DA:31,1
DA:32,2
LF:11
LH:11
end_of_record
SF:lib\blocs\search_movies\search_movies_cubit.dart
DA:11,3
DA:13,1
DA:14,2
DA:16,4
DA:17,2
DA:18,3
DA:19,1
DA:20,2
LF:8
LH:8
end_of_record
SF:lib\blocs\movie_watchlist_status\movie_watchlist_status_state.dart
DA:6,2
DA:11,2
DA:15,1
DA:16,2
LF:4
LH:4
end_of_record
SF:lib\blocs\movie_watchlist_status\movie_watchlist_status_cubit.dart
DA:15,1
DA:17,2
DA:19,1
DA:20,4
DA:21,2
DA:25,1
DA:26,2
DA:28,1
DA:29,0
DA:30,1
DA:31,1
DA:33,2
DA:36,0
DA:37,0
DA:39,0
DA:40,0
DA:41,0
DA:42,0
DA:45,0
LF:19
LH:11
end_of_record
SF:lib\movie.dart
DA:4,2
LF:1
LH:1
end_of_record
SF:lib\blocs\top_rated_movies\top_rated_movies_cubit.dart
DA:11,3
DA:13,1
DA:14,2
DA:16,4
DA:17,2
DA:18,3
DA:19,1
DA:20,2
LF:8
LH:8
end_of_record
SF:lib\blocs\top_rated_movies\top_rated_movies_state.dart
DA:4,2
DA:8,1
DA:9,1
DA:13,1
DA:14,1
DA:20,2
DA:22,1
DA:23,2
DA:29,2
DA:31,1
DA:32,2
LF:11
LH:11
end_of_record
SF:lib\pages\popular_movies_page.dart
DA:10,1
DA:11,1
DA:15,1
DA:17,1
DA:18,1
DA:19,4
DA:22,1
DA:24,1
DA:25,1
DA:26,1
DA:28,1
DA:30,1
DA:31,1
DA:33,1
DA:34,0
DA:35,1
DA:36,1
DA:37,1
DA:40,1
DA:41,1
DA:42,1
DA:43,2
DA:46,1
DA:47,1
DA:48,1
DA:49,2
DA:50,1
DA:52,2
LF:28
LH:27
end_of_record
SF:lib\widgets\movie_card_list.dart
DA:10,2
DA:12,2
DA:14,2
DA:16,2
DA:17,0
DA:18,0
DA:21,0
DA:24,2
DA:26,2
DA:27,2
DA:28,2
DA:34,2
DA:36,2
DA:37,2
DA:38,4
DA:41,2
DA:43,2
DA:44,2
DA:45,4
DA:53,2
DA:58,2
DA:59,4
DA:60,2
DA:61,6
DA:63,4
DA:64,2
DA:66,0
LF:27
LH:23
end_of_record
SF:lib\pages\movie_detail_page.dart
DA:15,1
DA:17,1
DA:18,1
DA:23,1
DA:25,1
DA:26,2
DA:27,5
DA:28,5
DA:29,1
DA:30,1
DA:31,3
DA:35,1
DA:37,2
DA:38,1
DA:40,1
DA:41,0
DA:42,1
DA:43,0
DA:44,0
DA:46,1
DA:47,0
DA:48,1
DA:49,1
DA:50,1
DA:51,1
DA:65,1
DA:67,1
DA:69,3
DA:70,1
DA:71,1
DA:72,1
DA:73,3
DA:75,2
DA:76,1
DA:78,0
DA:80,1
DA:82,1
DA:83,1
DA:84,1
DA:85,1
DA:87,2
DA:94,1
DA:95,1
DA:96,1
DA:98,1
DA:100,1
DA:102,1
DA:103,1
DA:104,2
DA:105,1
DA:107,1
DA:109,1
DA:110,1
DA:111,1
DA:112,1
DA:114,1
DA:115,2
DA:118,0
DA:119,0
DA:123,1
DA:124,1
DA:126,1
DA:129,1
DA:131,1
DA:132,1
DA:133,1
DA:134,1
DA:135,1
DA:141,1
DA:142,3
DA:144,1
DA:145,3
DA:147,1
DA:148,1
DA:149,1
DA:150,3
DA:152,2
DA:158,4
DA:161,1
DA:162,1
DA:164,1
DA:166,1
DA:167,2
DA:169,1
DA:170,1
DA:172,1
DA:174,1
DA:176,1
DA:178,1
DA:179,0
DA:180,1
DA:181,0
DA:182,0
DA:184,1
DA:185,0
DA:186,1
DA:187,1
DA:189,1
DA:191,0
DA:192,0
DA:193,0
DA:195,0
DA:196,0
DA:197,0
DA:200,0
DA:203,0
DA:204,0
DA:205,0
DA:207,0
DA:209,0
DA:210,0
DA:211,0
DA:213,0
DA:216,0
DA:217,0
DA:223,2
DA:233,1
DA:235,1
DA:250,1
DA:252,1
DA:255,1
DA:256,1
DA:257,0
DA:258,0
DA:267,1
DA:268,2
DA:269,2
DA:270,1
DA:271,3
DA:272,1
DA:273,1
DA:275,1
DA:276,1
DA:277,1
DA:283,1
DA:285,2
DA:286,3
DA:289,1
DA:293,3
DA:296,1
DA:297,1
DA:298,1
DA:300,1
DA:301,1
DA:303,0
LF:145
LH:114
end_of_record
SF:lib\pages\top_rated_movies_page.dart
DA:10,1
DA:11,1
DA:15,1
DA:17,1
DA:18,1
DA:19,4
DA:22,1
DA:24,1
DA:25,1
DA:26,1
DA:28,1
DA:30,1
DA:31,1
DA:33,1
DA:34,0
DA:35,1
DA:36,1
DA:37,1
DA:40,1
DA:41,1
DA:42,1
DA:43,2
DA:46,1
DA:47,1
DA:48,1
DA:49,2
DA:50,1
DA:52,2
LF:28
LH:27
end_of_record
