SF:lib\blocs\tv_series_detail\tv_series_detail_cubit.dart
DA:10,3
DA:12,1
DA:13,2
DA:15,4
DA:16,2
DA:17,3
DA:18,1
DA:19,2
LF:8
LH:8
end_of_record
SF:lib\blocs\tv_series_detail\tv_series_detail_state.dart
DA:4,1
DA:8,1
DA:9,1
DA:13,1
DA:14,1
DA:20,1
DA:22,1
DA:23,2
DA:29,1
DA:31,1
DA:32,2
LF:11
LH:11
end_of_record
SF:lib\blocs\tv_series_now_playing\tv_series_now_playing_state.dart
DA:4,1
DA:8,1
DA:9,1
DA:13,1
DA:14,1
DA:20,1
DA:22,1
DA:23,2
DA:29,1
DA:31,1
DA:32,2
LF:11
LH:11
end_of_record
SF:lib\blocs\tv_series_now_playing\tv_series_now_playing_cubit.dart
DA:10,1
DA:11,2
DA:13,1
DA:14,2
DA:16,4
DA:17,2
DA:18,3
DA:19,1
DA:20,2
LF:9
LH:9
end_of_record
SF:lib\blocs\tv_series_popular\tv_series_popular_state.dart
DA:4,1
DA:8,1
DA:9,1
DA:13,1
DA:14,1
DA:20,1
DA:22,1
DA:23,2
DA:29,1
DA:31,1
DA:32,2
LF:11
LH:11
end_of_record
SF:lib\blocs\tv_series_popular\tv_series_popular_cubit.dart
DA:9,1
DA:10,2
DA:12,1
DA:13,2
DA:15,4
DA:16,2
DA:17,3
DA:18,1
DA:19,2
LF:9
LH:9
end_of_record
SF:lib\blocs\tv_series_recommended\tv_series_recommended_state.dart
DA:4,1
DA:8,1
DA:9,1
DA:14,1
DA:15,1
DA:21,1
DA:23,1
DA:24,2
DA:30,1
DA:32,1
DA:33,2
LF:11
LH:11
end_of_record
SF:lib\blocs\tv_series_recommended\tv_series_recommended_cubit.dart
DA:10,1
DA:11,2
DA:13,1
DA:14,2
DA:16,4
DA:17,2
DA:18,3
DA:19,1
DA:20,2
LF:9
LH:9
end_of_record
SF:lib\blocs\tv_series_search\tv_series_search_state.dart
DA:7,1
DA:8,1
DA:12,1
DA:13,1
DA:19,1
DA:21,1
DA:22,2
DA:28,1
DA:30,1
DA:31,2
LF:10
LH:10
end_of_record
SF:lib\blocs\tv_series_search\tv_series_search_cubit.dart
DA:11,3
DA:13,1
DA:14,2
DA:16,4
DA:17,2
DA:18,3
DA:19,1
DA:20,2
LF:8
LH:8
end_of_record
SF:lib\blocs\tv_series_top_rated\tv_series_top_rated_state.dart
DA:4,1
DA:8,1
DA:9,1
DA:13,1
DA:14,1
DA:20,1
DA:22,1
DA:23,2
DA:29,1
DA:31,1
DA:32,2
LF:11
LH:11
end_of_record
SF:lib\blocs\tv_series_top_rated\tv_series_top_rated_cubit.dart
DA:10,1
DA:11,2
DA:13,1
DA:14,2
DA:15,4
DA:16,2
DA:17,3
DA:18,1
DA:19,2
LF:9
LH:9
end_of_record
SF:lib\blocs\tv_series_watchlist\tv_series_watchlist_cubit.dart
DA:10,1
DA:11,2
DA:13,1
DA:14,2
DA:15,4
DA:16,2
DA:17,3
DA:18,1
DA:19,2
LF:9
LH:9
end_of_record
SF:lib\blocs\tv_series_watchlist\tv_series_watchlist_state.dart
DA:4,1
DA:8,1
DA:9,1
DA:13,1
DA:14,1
DA:20,1
DA:22,1
DA:23,2
DA:29,1
DA:31,1
DA:32,2
LF:11
LH:11
end_of_record
SF:lib\tv.dart
DA:4,2
LF:1
LH:1
end_of_record
SF:lib\blocs\tv_series_watchlist_status\tv_series_watchlist_status_state.dart
DA:7,1
DA:11,1
DA:13,1
DA:14,2
LF:4
LH:4
end_of_record
SF:lib\blocs\tv_series_watchlist_status\tv_series_watchlist_status_cubit.dart
DA:15,1
DA:17,2
DA:19,1
DA:20,4
DA:21,2
DA:25,1
DA:26,2
DA:28,1
DA:29,0
DA:30,1
DA:31,1
DA:33,2
DA:36,1
DA:37,2
DA:39,2
DA:40,2
DA:41,1
DA:42,1
DA:44,2
LF:19
LH:18
end_of_record
